<?xml version="1.0" encoding="UTF-8"?>
<!-- Generated by org.testng.reporters.JUnitReportReporter -->
<testsuite hostname="DESKTOP-LVGRQ1M" name="com.AnyAUT.PrepareRun" tests="1" failures="0" timestamp="17 Dec 2019 03:21:22 GMT" time="0.023" errors="0">
  <testcase name="createRunSetUpData" time="0.023" classname="com.AnyAUT.PrepareRun"/>
</testsuite> <!-- com.AnyAUT.PrepareRun -->
